<?xml version="1.0" encoding="UTF-8"?>
<!-- Generated by org.testng.reporters.JUnitXMLReporter -->
<testsuite ignored="0" hostname="RVSKCH542LT" failures="1" tests="2" name="ChromeTest" time="54.107" errors="0" timestamp="2022-07-19T20:48:24 IST">
  <testcase classname="com.demo.tests.DemoLoginTest" name="@BeforeMethod setup" time="5.821">
    <failure type="com.obs.exception.AutomationException" message="Cannot navigate to invalid URL, please specify valid URL">
      <![CDATA[com.obs.exception.AutomationException: Cannot navigate to invalid URL, please specify valid URL
at com.obs.base.AutomationBase.launchChromeBrowser(AutomationBase.java:47)
at com.obs.base.AutomationBase.launchBrowser(AutomationBase.java:23)
at com.demo.tests.DemoLoginTest.setup(DemoLoginTest.java:29)
at java.base/java.util.ArrayList.forEach(ArrayList.java:1511)
Caused by: com.obs.exception.AutomationException: Cannot navigate to invalid URL, please specify valid URL
at com.obs.actions.WebActionHelpers.navigateToBrowser(WebActionHelpers.java:27)
at com.obs.base.AutomationBase.launchChromeBrowser(AutomationBase.java:43)
... 34 more
... Removed 31 stack frames]]>
    </failure>
  </testcase> <!-- @BeforeMethod setup -->
  <testcase classname="com.demo.tests.DemoLoginTest" name="@AfterMethod quitBrowser" time="-1.658243904711E9">
    <skipped/>
  </testcase> <!-- @AfterMethod quitBrowser -->
  <testcase classname="com.demo.tests.DemoLoginTest" name="validateInvalidUsernameErrorMessage" time="0.406">
    <failure type="java.lang.Exception" message="checkElementDisplayed (ValidationActionHelper) : no such element: Unable to locate element: {&amp;quot;method&amp;quot;:&amp;quot;xpath&amp;quot;,&amp;quot;selector&amp;quot;:&amp;quot;//h3[text()=&amp;apos;Epic sadface: Username is required&amp;apos;]&amp;quot;}
  (Session info: chrome=103.0.5060.114)
For documentation on this error, please visit: https://selenium.dev/exceptions/#no_such_element
Build info: version: &amp;apos;4.1.4&amp;apos;, revision: &amp;apos;535d840ee2&amp;apos;
System info: host: &amp;apos;RVSKCH542LT&amp;apos;, ip: &amp;apos;192.168.255.223&amp;apos;, os.name: &amp;apos;Windows 10&amp;apos;, os.arch: &amp;apos;amd64&amp;apos;, os.version: &amp;apos;10.0&amp;apos;, java.version: &amp;apos;17.0.1&amp;apos;
Driver info: org.openqa.selenium.chrome.ChromeDriver
Command: [3ce275134d189d4bcf80b52497adce9e, findElement {using=xpath, value=//h3[text()=&amp;apos;Epic sadface: Username is required&amp;apos;]}]
Capabilities {acceptInsecureCerts: false, browserName: chrome, browserVersion: 103.0.5060.114, chrome: {chromedriverVersion: 103.0.5060.53 (a1711811edd7..., userDataDir: C:\Users\HP\AppData\Local\T...}, goog:chromeOptions: {debuggerAddress: localhost:60858}, javascriptEnabled: true, networkConnectionEnabled: false, pageLoadStrategy: normal, platform: WINDOWS, platformName: WINDOWS, proxy: Proxy(), se:cdp: ws://localhost:60858/devtoo..., se:cdpVersion: 103.0.5060.114, setWindowRect: true, strictFileInteractability: false, timeouts: {implicit: 0, pageLoad: 300000, script: 30000}, unhandledPromptBehavior: dismiss and notify, webauthn:extension:credBlob: true, webauthn:extension:largeBlob: true, webauthn:virtualAuthenticators: true}
Session ID: 3ce275134d189d4bcf80b52497adce9e">
      <![CDATA[java.lang.Exception: checkElementDisplayed (ValidationActionHelper) : no such element: Unable to locate element: {"method":"xpath","selector":"//h3[text()='Epic sadface: Username is required']"}
  (Session info: chrome=103.0.5060.114)
For documentation on this error, please visit: https://selenium.dev/exceptions/#no_such_element
Build info: version: '4.1.4', revision: '535d840ee2'
System info: host: 'RVSKCH542LT', ip: '192.168.255.223', os.name: 'Windows 10', os.arch: 'amd64', os.version: '10.0', java.version: '17.0.1'
Driver info: org.openqa.selenium.chrome.ChromeDriver
Command: [3ce275134d189d4bcf80b52497adce9e, findElement {using=xpath, value=//h3[text()='Epic sadface: Username is required']}]
Capabilities {acceptInsecureCerts: false, browserName: chrome, browserVersion: 103.0.5060.114, chrome: {chromedriverVersion: 103.0.5060.53 (a1711811edd7..., userDataDir: C:\Users\HP\AppData\Local\T...}, goog:chromeOptions: {debuggerAddress: localhost:60858}, javascriptEnabled: true, networkConnectionEnabled: false, pageLoadStrategy: normal, platform: WINDOWS, platformName: WINDOWS, proxy: Proxy(), se:cdp: ws://localhost:60858/devtoo..., se:cdpVersion: 103.0.5060.114, setWindowRect: true, strictFileInteractability: false, timeouts: {implicit: 0, pageLoad: 300000, script: 30000}, unhandledPromptBehavior: dismiss and notify, webauthn:extension:credBlob: true, webauthn:extension:largeBlob: true, webauthn:virtualAuthenticators: true}
Session ID: 3ce275134d189d4bcf80b52497adce9e
at com.obs.actions.ValidationActionHelpers.isElementVisible(ValidationActionHelpers.java:19)
at com.demo.tests.DemoLoginTest.validateInvalidUsernameErrorMessage(DemoLoginTest.java:51)
at java.base/java.util.ArrayList.forEach(ArrayList.java:1511)
... Removed 27 stack frames]]>
    </failure>
  </testcase> <!-- validateInvalidUsernameErrorMessage -->
  <testcase classname="com.demo.tests.DemoLoginTest" name="validateInvalidPasswordErrorMessage" time="0.0">
    <skipped/>
  </testcase> <!-- validateInvalidPasswordErrorMessage -->
</testsuite> <!-- ChromeTest -->
